<?xml version="1.0" encoding="UTF-8"?>
<testsuite name="com.reservation.RoomApiTest" tests="1" skipped="0" failures="0" errors="0" timestamp="2018-08-22T02:26:15" hostname="Juneyoungs-MacBook-Pro.local" time="0.19">
  <properties/>
  <testcase name="shouldGetRooms" classname="com.reservation.RoomApiTest" time="0.19"/>
  <system-out><![CDATA[2018-08-22 11:26:15.194  INFO 1054 --- [    Test worker] .b.t.c.SpringBootTestContextBootstrapper : Neither @ContextConfiguration nor @ContextHierarchy found for test class [com.reservation.RoomApiTest], using SpringBootContextLoader
2018-08-22 11:26:15.195  INFO 1054 --- [    Test worker] o.s.t.c.support.AbstractContextLoader    : Could not detect default resource locations for test class [com.reservation.RoomApiTest]: no resource found for suffixes {-context.xml, Context.groovy}.
2018-08-22 11:26:15.195  INFO 1054 --- [    Test worker] t.c.s.AnnotationConfigContextLoaderUtils : Could not detect default configuration classes for test class [com.reservation.RoomApiTest]: RoomApiTest does not declare any static, non-private, non-final, nested classes annotated with @Configuration.
2018-08-22 11:26:15.197  INFO 1054 --- [    Test worker] .b.t.c.SpringBootTestContextBootstrapper : Found @SpringBootConfiguration com.reservation.AppApplication for test class com.reservation.RoomApiTest
2018-08-22 11:26:15.198  INFO 1054 --- [    Test worker] .b.t.c.SpringBootTestContextBootstrapper : Loaded default TestExecutionListener class names from location [META-INF/spring.factories]: [org.springframework.boot.test.autoconfigure.restdocs.RestDocsTestExecutionListener, org.springframework.boot.test.autoconfigure.web.client.MockRestServiceServerResetTestExecutionListener, org.springframework.boot.test.autoconfigure.web.servlet.MockMvcPrintOnlyOnFailureTestExecutionListener, org.springframework.boot.test.autoconfigure.web.servlet.WebDriverTestExecutionListener, org.springframework.boot.test.mock.mockito.MockitoTestExecutionListener, org.springframework.boot.test.mock.mockito.ResetMocksTestExecutionListener, org.springframework.test.context.web.ServletTestExecutionListener, org.springframework.test.context.support.DirtiesContextBeforeModesTestExecutionListener, org.springframework.test.context.support.DependencyInjectionTestExecutionListener, org.springframework.test.context.support.DirtiesContextTestExecutionListener, org.springframework.test.context.transaction.TransactionalTestExecutionListener, org.springframework.test.context.jdbc.SqlScriptsTestExecutionListener]
2018-08-22 11:26:15.198  INFO 1054 --- [    Test worker] .b.t.c.SpringBootTestContextBootstrapper : Using TestExecutionListeners: [org.springframework.test.context.web.ServletTestExecutionListener@3cbae607, org.springframework.test.context.support.DirtiesContextBeforeModesTestExecutionListener@5852741b, org.springframework.boot.test.mock.mockito.MockitoTestExecutionListener@6b6950d7, org.springframework.boot.test.autoconfigure.SpringBootDependencyInjectionTestExecutionListener@63611766, org.springframework.test.context.support.DirtiesContextTestExecutionListener@8005fd3, org.springframework.test.context.transaction.TransactionalTestExecutionListener@43b90064, org.springframework.test.context.jdbc.SqlScriptsTestExecutionListener@62f70f2c, org.springframework.boot.test.autoconfigure.restdocs.RestDocsTestExecutionListener@9c6ee33, org.springframework.boot.test.autoconfigure.web.client.MockRestServiceServerResetTestExecutionListener@332d61f, org.springframework.boot.test.autoconfigure.web.servlet.MockMvcPrintOnlyOnFailureTestExecutionListener@8034c3d, org.springframework.boot.test.autoconfigure.web.servlet.WebDriverTestExecutionListener@52d7bc7e, org.springframework.boot.test.mock.mockito.ResetMocksTestExecutionListener@6c5e6761]
2018-08-22 11:26:15.254  INFO 1054 --- [o-auto-1-exec-2] o.h.h.i.QueryTranslatorFactoryInitiator  : HHH000397: Using ASTQueryTranslatorFactory
2018-08-22 11:26:15.353 DEBUG 1054 --- [o-auto-1-exec-2] org.hibernate.SQL                        : select room0_.id as id1_1_, room0_.name as name2_1_ from rooms room0_
Hibernate: select room0_.id as id1_1_, room0_.name as name2_1_ from rooms room0_
2018-08-22 11:26:15.364 TRACE 1054 --- [o-auto-1-exec-2] o.h.type.descriptor.sql.BasicExtractor   : extracted value ([id1_1_] : [BIGINT]) - [1]
2018-08-22 11:26:15.370 TRACE 1054 --- [o-auto-1-exec-2] o.h.type.descriptor.sql.BasicExtractor   : extracted value ([name2_1_] : [VARCHAR]) - [RYIN]
]]></system-out>
  <system-err><![CDATA[]]></system-err>
</testsuite>
